<?xml version="1.0" encoding="UTF-8"?>
<!-- Generated by org.testng.reporters.JUnitReportReporter -->
<testsuite skipped="0" hostname="Balu" name="practice.siteloan" tests="2" failures="0" timestamp="26 Jan 2020 22:04:43 GMT" time="0.054" errors="0">
  <testcase name="s1" time="0.044" classname="practice.siteloan"/>
  <testcase name="s2" time="0.010" classname="practice.siteloan"/>
</testsuite> <!-- practice.siteloan -->
