<?xml version="1.0" encoding="UTF-8"?>
<!-- Generated by org.testng.reporters.JUnitReportReporter -->
<testsuite skipped="0" hostname="Balu" name="practice.MyTestng" tests="2" failures="0" timestamp="26 Jan 2020 20:25:57 GMT" time="0.033" errors="0">
  <testcase name="m1" time="0.026" classname="practice.MyTestng"/>
  <testcase name="m2" time="0.007" classname="practice.MyTestng"/>
</testsuite> <!-- practice.MyTestng -->
