<?xml version="1.0" encoding="UTF-8"?>
<!-- Generated by org.testng.reporters.JUnitReportReporter -->
<testsuite skipped="0" hostname="Balu" name="practice.Myhome" tests="1" failures="0" timestamp="26 Jan 2020 16:52:46 GMT" time="0.007" errors="0">
  <testcase name="n2" time="0.007" classname="practice.Myhome"/>
</testsuite> <!-- practice.Myhome -->
