<?xml version="1.0" encoding="UTF-8"?>
<!-- Generated by org.testng.reporters.JUnitReportReporter -->
<testsuite skipped="0" hostname="Balu" name="test.Test4" tests="1" failures="0" timestamp="12 Dec 2019 11:54:58 GMT" time="0.009" errors="0">
  <testcase name="mn" time="0.009" classname="test.Test4"/>
</testsuite> <!-- test.Test4 -->
