<?xml version="1.0" encoding="UTF-8"?>
<!-- Generated by org.testng.reporters.JUnitReportReporter -->
<testsuite skipped="0" hostname="Balu" name="frame.Test1" tests="2" failures="0" timestamp="12 Dec 2019 16:54:29 GMT" time="22.392" errors="0">
  <testcase name="login" time="7.034" classname="frame.Test1"/>
  <testcase name="mn" time="15.358" classname="frame.Test1"/>
</testsuite> <!-- frame.Test1 -->
