<?xml version="1.0" encoding="UTF-8"?>
<!-- Generated by org.testng.reporters.JUnitReportReporter -->
<testsuite skipped="0" hostname="Balu" name="frame.TestBase" tests="1" failures="0" timestamp="14 Dec 2019 20:55:53 GMT" time="35.619" errors="0">
  <testcase name="login" time="35.619" classname="frame.TestBase"/>
</testsuite> <!-- frame.TestBase -->
