<?xml version="1.0" encoding="UTF-8"?>
<!-- Generated by org.testng.reporters.JUnitReportReporter -->
<testsuite skipped="0" hostname="Balu" name="test.Test1" tests="2" failures="0" timestamp="12 Dec 2019 15:41:14 GMT" time="25.535" errors="0">
  <testcase name="login" time="8.088" classname="test.Test1"/>
  <testcase name="mn" time="17.447" classname="test.Test1"/>
</testsuite> <!-- test.Test1 -->
