<?xml version="1.0" encoding="UTF-8"?>
<!-- Generated by org.testng.reporters.JUnitReportReporter -->
<testsuite skipped="0" hostname="Balu" name="test.Log" tests="1" failures="0" timestamp="12 Dec 2019 15:12:20 GMT" time="11.533" errors="0">
  <testcase name="login" time="11.533" classname="test.Log"/>
</testsuite> <!-- test.Log -->
