<?xml version="1.0" encoding="UTF-8"?>
<!-- Generated by org.testng.reporters.JUnitReportReporter -->
<testsuite skipped="0" hostname="Balu" name="Testcases.LoginApplication_POFactory" tests="1" failures="0" timestamp="16 Dec 2019 21:41:44 GMT" time="35.250" errors="0">
  <testcase name="Login" time="35.250" classname="Testcases.LoginApplication_POFactory"/>
</testsuite> <!-- Testcases.LoginApplication_POFactory -->
