<?xml version="1.0" encoding="UTF-8"?>
<!-- Generated by org.testng.reporters.JUnitReportReporter -->
<testsuite skipped="0" hostname="Balu" name="test.Test1" tests="2" failures="0" timestamp="19 Dec 2019 22:21:05 GMT" time="0.062" errors="0">
  <testcase name="m" time="0.051" classname="test.Test1"/>
  <testcase name="m2" time="0.011" classname="test.Test1"/>
</testsuite> <!-- test.Test1 -->
